Traceback (most recent call last):
  File "/projects/Jminee/webapp/tg2env/bin/paster", line 9, in <module>
    load_entry_point('PasteScript==1.7.5', 'console_scripts', 'paster')()
  File "/projects/Jminee/webapp/tg2env/lib/python2.7/site-packages/PasteScript-1.7.5-py2.7.egg/paste/script/command.py", line 104, in run
    invoke(command, command_name, options, args[1:])
  File "/projects/Jminee/webapp/tg2env/lib/python2.7/site-packages/PasteScript-1.7.5-py2.7.egg/paste/script/command.py", line 143, in invoke
    exit_code = runner.run(args)
  File "/projects/Jminee/webapp/tg2env/lib/python2.7/site-packages/PasteScript-1.7.5-py2.7.egg/paste/script/command.py", line 238, in run
    result = self.command()
  File "/projects/Jminee/webapp/tg2env/lib/python2.7/site-packages/PasteScript-1.7.5-py2.7.egg/paste/script/serve.py", line 282, in command
    relative_to=base, global_conf=vars)
  File "/projects/Jminee/webapp/tg2env/lib/python2.7/site-packages/PasteScript-1.7.5-py2.7.egg/paste/script/serve.py", line 316, in loadserver
    relative_to=relative_to, **kw)
  File "/projects/Jminee/webapp/tg2env/lib/python2.7/site-packages/PasteDeploy-1.3.4-py2.7.egg/paste/deploy/loadwsgi.py", line 209, in loadserver
    return loadobj(SERVER, uri, name=name, **kw)
  File "/projects/Jminee/webapp/tg2env/lib/python2.7/site-packages/PasteDeploy-1.3.4-py2.7.egg/paste/deploy/loadwsgi.py", line 223, in loadobj
    global_conf=global_conf)
  File "/projects/Jminee/webapp/tg2env/lib/python2.7/site-packages/PasteDeploy-1.3.4-py2.7.egg/paste/deploy/loadwsgi.py", line 247, in loadcontext
    global_conf=global_conf)
  File "/projects/Jminee/webapp/tg2env/lib/python2.7/site-packages/PasteDeploy-1.3.4-py2.7.egg/paste/deploy/loadwsgi.py", line 270, in _loadconfig
    return loader.get_context(object_type, name, global_conf)
  File "/projects/Jminee/webapp/tg2env/lib/python2.7/site-packages/PasteDeploy-1.3.4-py2.7.egg/paste/deploy/loadwsgi.py", line 401, in get_context
    section)
  File "/projects/Jminee/webapp/tg2env/lib/python2.7/site-packages/PasteDeploy-1.3.4-py2.7.egg/paste/deploy/loadwsgi.py", line 423, in _context_from_use
    object_type, name=use, global_conf=global_conf)
  File "/projects/Jminee/webapp/tg2env/lib/python2.7/site-packages/PasteDeploy-1.3.4-py2.7.egg/paste/deploy/loadwsgi.py", line 353, in get_context
    global_conf=global_conf)
  File "/projects/Jminee/webapp/tg2env/lib/python2.7/site-packages/PasteDeploy-1.3.4-py2.7.egg/paste/deploy/loadwsgi.py", line 247, in loadcontext
    global_conf=global_conf)
  File "/projects/Jminee/webapp/tg2env/lib/python2.7/site-packages/PasteDeploy-1.3.4-py2.7.egg/paste/deploy/loadwsgi.py", line 277, in _loadegg
    return loader.get_context(object_type, name, global_conf)
  File "/projects/Jminee/webapp/tg2env/lib/python2.7/site-packages/PasteDeploy-1.3.4-py2.7.egg/paste/deploy/loadwsgi.py", line 553, in get_context
    object_type, name=name)
  File "/projects/Jminee/webapp/tg2env/lib/python2.7/site-packages/PasteDeploy-1.3.4-py2.7.egg/paste/deploy/loadwsgi.py", line 579, in find_egg_entry_point
    possible.append((entry.load(), protocol, entry.name))
  File "/projects/Jminee/webapp/tg2env/lib/python2.7/site-packages/distribute-0.6.10-py2.7.egg/pkg_resources.py", line 1948, in load
    entry = __import__(self.module_name, globals(),globals(), ['__name__'])
  File "/projects/Jminee/webapp/tg2env/lib/python2.7/site-packages/Paste-1.7.5.1-py2.7.egg/paste/httpserver.py", line 28, in <module>
    from BaseHTTPServer import BaseHTTPRequestHandler, HTTPServer
  File "/usr/lib/python2.7/BaseHTTPServer.py", line 81, in <module>
    import mimetools
  File "/usr/lib/python2.7/mimetools.py", line 6, in <module>
    import tempfile
  File "/usr/lib/python2.7/tempfile.py", line 34, in <module>
    from random import Random as _Random
  File "/usr/lib/python2.7/random.py", line 47, in <module>
    from os import urandom as _urandom
ImportError: cannot import name urandom
Starting subprocess with file monitor
